<?xml version="1.0" encoding="utf-8"?><testsuites><testsuite name="pytest" errors="0" failures="0" skipped="0" tests="4" time="0.099" timestamp="2024-11-17T15:38:38.378068+02:00" hostname="DESKTOP-P5BUATP"><testcase classname="python_project.tests.test_serial_communication" name="test_send_message" time="0.002" /><testcase classname="python_project.tests.test_serial_communication" name="test_receive_message" time="0.001" /><testcase classname="python_project.tests.test_serial_communication" name="test_receive_empty_message" time="0.001" /><testcase classname="python_project.tests.test_serial_communication" name="test_serial_port" time="0.001" /></testsuite></testsuites>